Analysis & Synthesis report for projeto_04
Mon May 16 10:35:58 2022
Quartus Prime Version 20.1.0 Build 711 06/05/2020 SJ Lite Edition


---------------------
; Table of Contents ;
---------------------
  1. Legal Notice
  2. Analysis & Synthesis Summary
  3. Analysis & Synthesis Settings
  4. Parallel Compilation
  5. Analysis & Synthesis Source Files Read
  6. Analysis & Synthesis Resource Usage Summary
  7. Analysis & Synthesis Resource Utilization by Entity
  8. State Machine - |projeto_04|estado_anterior
  9. State Machine - |projeto_04|estado_atual
 10. Registers Removed During Synthesis
 11. Removed Registers Triggering Further Register Optimizations
 12. General Register Statistics
 13. Multiplexer Restructuring Statistics (Restructuring Performed)
 14. Parameter Settings for User Entity Instance: Top-level Entity: |projeto_04
 15. Parameter Settings for Inferred Entity Instance: lpm_divide:Mod0
 16. Post-Synthesis Netlist Statistics for Top Partition
 17. Elapsed Time Per Partition
 18. Analysis & Synthesis Messages
 19. Analysis & Synthesis Suppressed Messages



----------------
; Legal Notice ;
----------------
Copyright (C) 2020  Intel Corporation. All rights reserved.
Your use of Intel Corporation's design tools, logic functions 
and other software and tools, and any partner logic 
functions, and any output files from any of the foregoing 
(including device programming or simulation files), and any 
associated documentation or information are expressly subject 
to the terms and conditions of the Intel Program License 
Subscription Agreement, the Intel Quartus Prime License Agreement,
the Intel FPGA IP License Agreement, or other applicable license
agreement, including, without limitation, that your use is for
the sole purpose of programming logic devices manufactured by
Intel and sold by Intel or its authorized distributors.  Please
refer to the applicable agreement for further details, at
https://fpgasoftware.intel.com/eula.



+-------------------------------------------------------------------------------+
; Analysis & Synthesis Summary                                                  ;
+---------------------------------+---------------------------------------------+
; Analysis & Synthesis Status     ; Successful - Mon May 16 10:35:58 2022       ;
; Quartus Prime Version           ; 20.1.0 Build 711 06/05/2020 SJ Lite Edition ;
; Revision Name                   ; projeto_04                                  ;
; Top-level Entity Name           ; projeto_04                                  ;
; Family                          ; Cyclone V                                   ;
; Logic utilization (in ALMs)     ; N/A                                         ;
; Total registers                 ; 40                                          ;
; Total pins                      ; 5                                           ;
; Total virtual pins              ; 0                                           ;
; Total block memory bits         ; 0                                           ;
; Total DSP Blocks                ; 0                                           ;
; Total HSSI RX PCSs              ; 0                                           ;
; Total HSSI PMA RX Deserializers ; 0                                           ;
; Total HSSI TX PCSs              ; 0                                           ;
; Total HSSI PMA TX Serializers   ; 0                                           ;
; Total PLLs                      ; 0                                           ;
; Total DLLs                      ; 0                                           ;
+---------------------------------+---------------------------------------------+


+---------------------------------------------------------------------------------------------------------------------------+
; Analysis & Synthesis Settings                                                                                             ;
+---------------------------------------------------------------------------------+--------------------+--------------------+
; Option                                                                          ; Setting            ; Default Value      ;
+---------------------------------------------------------------------------------+--------------------+--------------------+
; Device                                                                          ; 5CGXFC7C7F23C8     ;                    ;
; Top-level entity name                                                           ; projeto_04         ; projeto_04         ;
; Family name                                                                     ; Cyclone V          ; Cyclone V          ;
; Use smart compilation                                                           ; Off                ; Off                ;
; Enable parallel Assembler and Timing Analyzer during compilation                ; On                 ; On                 ;
; Enable compact report table                                                     ; Off                ; Off                ;
; Restructure Multiplexers                                                        ; Auto               ; Auto               ;
; MLAB Add Timing Constraints For Mixed-Port Feed-Through Mode Setting Don't Care ; Off                ; Off                ;
; Create Debugging Nodes for IP Cores                                             ; Off                ; Off                ;
; Preserve fewer node names                                                       ; On                 ; On                 ;
; Intel FPGA IP Evaluation Mode                                                   ; Enable             ; Enable             ;
; Verilog Version                                                                 ; Verilog_2001       ; Verilog_2001       ;
; VHDL Version                                                                    ; VHDL_1993          ; VHDL_1993          ;
; State Machine Processing                                                        ; Auto               ; Auto               ;
; Safe State Machine                                                              ; Off                ; Off                ;
; Extract Verilog State Machines                                                  ; On                 ; On                 ;
; Extract VHDL State Machines                                                     ; On                 ; On                 ;
; Ignore Verilog initial constructs                                               ; Off                ; Off                ;
; Iteration limit for constant Verilog loops                                      ; 5000               ; 5000               ;
; Iteration limit for non-constant Verilog loops                                  ; 250                ; 250                ;
; Add Pass-Through Logic to Inferred RAMs                                         ; On                 ; On                 ;
; Infer RAMs from Raw Logic                                                       ; On                 ; On                 ;
; Parallel Synthesis                                                              ; On                 ; On                 ;
; DSP Block Balancing                                                             ; Auto               ; Auto               ;
; NOT Gate Push-Back                                                              ; On                 ; On                 ;
; Power-Up Don't Care                                                             ; On                 ; On                 ;
; Remove Redundant Logic Cells                                                    ; Off                ; Off                ;
; Remove Duplicate Registers                                                      ; On                 ; On                 ;
; Ignore CARRY Buffers                                                            ; Off                ; Off                ;
; Ignore CASCADE Buffers                                                          ; Off                ; Off                ;
; Ignore GLOBAL Buffers                                                           ; Off                ; Off                ;
; Ignore ROW GLOBAL Buffers                                                       ; Off                ; Off                ;
; Ignore LCELL Buffers                                                            ; Off                ; Off                ;
; Ignore SOFT Buffers                                                             ; On                 ; On                 ;
; Limit AHDL Integers to 32 Bits                                                  ; Off                ; Off                ;
; Optimization Technique                                                          ; Balanced           ; Balanced           ;
; Carry Chain Length                                                              ; 70                 ; 70                 ;
; Auto Carry Chains                                                               ; On                 ; On                 ;
; Auto Open-Drain Pins                                                            ; On                 ; On                 ;
; Perform WYSIWYG Primitive Resynthesis                                           ; Off                ; Off                ;
; Auto ROM Replacement                                                            ; On                 ; On                 ;
; Auto RAM Replacement                                                            ; On                 ; On                 ;
; Auto DSP Block Replacement                                                      ; On                 ; On                 ;
; Auto Shift Register Replacement                                                 ; Auto               ; Auto               ;
; Allow Shift Register Merging across Hierarchies                                 ; Auto               ; Auto               ;
; Auto Clock Enable Replacement                                                   ; On                 ; On                 ;
; Strict RAM Replacement                                                          ; Off                ; Off                ;
; Allow Synchronous Control Signals                                               ; On                 ; On                 ;
; Force Use of Synchronous Clear Signals                                          ; Off                ; Off                ;
; Auto Resource Sharing                                                           ; Off                ; Off                ;
; Allow Any RAM Size For Recognition                                              ; Off                ; Off                ;
; Allow Any ROM Size For Recognition                                              ; Off                ; Off                ;
; Allow Any Shift Register Size For Recognition                                   ; Off                ; Off                ;
; Use LogicLock Constraints during Resource Balancing                             ; On                 ; On                 ;
; Ignore translate_off and synthesis_off directives                               ; Off                ; Off                ;
; Timing-Driven Synthesis                                                         ; On                 ; On                 ;
; Report Parameter Settings                                                       ; On                 ; On                 ;
; Report Source Assignments                                                       ; On                 ; On                 ;
; Report Connectivity Checks                                                      ; On                 ; On                 ;
; Ignore Maximum Fan-Out Assignments                                              ; Off                ; Off                ;
; Synchronization Register Chain Length                                           ; 3                  ; 3                  ;
; Power Optimization During Synthesis                                             ; Normal compilation ; Normal compilation ;
; HDL message level                                                               ; Level2             ; Level2             ;
; Suppress Register Optimization Related Messages                                 ; Off                ; Off                ;
; Number of Removed Registers Reported in Synthesis Report                        ; 5000               ; 5000               ;
; Number of Swept Nodes Reported in Synthesis Report                              ; 5000               ; 5000               ;
; Number of Inverted Registers Reported in Synthesis Report                       ; 100                ; 100                ;
; Clock MUX Protection                                                            ; On                 ; On                 ;
; Auto Gated Clock Conversion                                                     ; Off                ; Off                ;
; Block Design Naming                                                             ; Auto               ; Auto               ;
; SDC constraint protection                                                       ; Off                ; Off                ;
; Synthesis Effort                                                                ; Auto               ; Auto               ;
; Shift Register Replacement - Allow Asynchronous Clear Signal                    ; On                 ; On                 ;
; Pre-Mapping Resynthesis Optimization                                            ; Off                ; Off                ;
; Analysis & Synthesis Message Level                                              ; Medium             ; Medium             ;
; Disable Register Merging Across Hierarchies                                     ; Auto               ; Auto               ;
; Resource Aware Inference For Block RAM                                          ; On                 ; On                 ;
; Automatic Parallel Synthesis                                                    ; On                 ; On                 ;
; Partial Reconfiguration Bitstream ID                                            ; Off                ; Off                ;
+---------------------------------------------------------------------------------+--------------------+--------------------+


+------------------------------------------+
; Parallel Compilation                     ;
+----------------------------+-------------+
; Processors                 ; Number      ;
+----------------------------+-------------+
; Number detected on machine ; 8           ;
; Maximum allowed            ; 4           ;
;                            ;             ;
; Average used               ; 1.00        ;
; Maximum used               ; 4           ;
;                            ;             ;
; Usage by Processor         ; % Time Used ;
;     Processor 1            ; 100.0%      ;
;     Processors 2-4         ;   0.0%      ;
+----------------------------+-------------+


+-------------------------------------------------------------------------------------------------------------------------------------------------------------------------------+
; Analysis & Synthesis Source Files Read                                                                                                                                        ;
+----------------------------------+-----------------+------------------------------+---------------------------------------------------------------------------------+---------+
; File Name with User-Entered Path ; Used in Netlist ; File Type                    ; File Name with Absolute Path                                                    ; Library ;
+----------------------------------+-----------------+------------------------------+---------------------------------------------------------------------------------+---------+
; projeto_04.sv                    ; yes             ; User SystemVerilog HDL File  ; C:/Quartus/Projetos Quartus/Segunda Avaliacao/projeto_04/projeto_04.sv          ;         ;
; lpm_divide.tdf                   ; yes             ; Megafunction                 ; c:/quartus/quartus/libraries/megafunctions/lpm_divide.tdf                       ;         ;
; abs_divider.inc                  ; yes             ; Megafunction                 ; c:/quartus/quartus/libraries/megafunctions/abs_divider.inc                      ;         ;
; sign_div_unsign.inc              ; yes             ; Megafunction                 ; c:/quartus/quartus/libraries/megafunctions/sign_div_unsign.inc                  ;         ;
; aglobal201.inc                   ; yes             ; Megafunction                 ; c:/quartus/quartus/libraries/megafunctions/aglobal201.inc                       ;         ;
; db/lpm_divide_dho.tdf            ; yes             ; Auto-Generated Megafunction  ; C:/Quartus/Projetos Quartus/Segunda Avaliacao/projeto_04/db/lpm_divide_dho.tdf  ;         ;
; db/abs_divider_jbg.tdf           ; yes             ; Auto-Generated Megafunction  ; C:/Quartus/Projetos Quartus/Segunda Avaliacao/projeto_04/db/abs_divider_jbg.tdf ;         ;
; db/alt_u_div_mve.tdf             ; yes             ; Auto-Generated Megafunction  ; C:/Quartus/Projetos Quartus/Segunda Avaliacao/projeto_04/db/alt_u_div_mve.tdf   ;         ;
; db/lpm_abs_jn9.tdf               ; yes             ; Auto-Generated Megafunction  ; C:/Quartus/Projetos Quartus/Segunda Avaliacao/projeto_04/db/lpm_abs_jn9.tdf     ;         ;
; db/lpm_abs_4p9.tdf               ; yes             ; Auto-Generated Megafunction  ; C:/Quartus/Projetos Quartus/Segunda Avaliacao/projeto_04/db/lpm_abs_4p9.tdf     ;         ;
+----------------------------------+-----------------+------------------------------+---------------------------------------------------------------------------------+---------+


+---------------------------------------------------------+
; Analysis & Synthesis Resource Usage Summary             ;
+---------------------------------------------+-----------+
; Resource                                    ; Usage     ;
+---------------------------------------------+-----------+
; Estimate of Logic utilization (ALMs needed) ; 224       ;
;                                             ;           ;
; Combinational ALUT usage for logic          ; 444       ;
;     -- 7 input functions                    ; 0         ;
;     -- 6 input functions                    ; 4         ;
;     -- 5 input functions                    ; 10        ;
;     -- 4 input functions                    ; 89        ;
;     -- <=3 input functions                  ; 341       ;
;                                             ;           ;
; Dedicated logic registers                   ; 40        ;
;                                             ;           ;
; I/O pins                                    ; 5         ;
;                                             ;           ;
; Total DSP Blocks                            ; 0         ;
;                                             ;           ;
; Maximum fan-out node                        ; clk~input ;
; Maximum fan-out                             ; 40        ;
; Total fan-out                               ; 1359      ;
; Average fan-out                             ; 2.75      ;
+---------------------------------------------+-----------+


+--------------------------------------------------------------------------------------------------------------------------------------------------------------------------------------------------------------------------------------------------------------------------------------------+
; Analysis & Synthesis Resource Utilization by Entity                                                                                                                                                                                                                                        ;
+---------------------------------------+---------------------+---------------------------+-------------------+------------+------+--------------+----------------------------------------------------------------------------------------------------------+-----------------+--------------+
; Compilation Hierarchy Node            ; Combinational ALUTs ; Dedicated Logic Registers ; Block Memory Bits ; DSP Blocks ; Pins ; Virtual Pins ; Full Hierarchy Name                                                                                      ; Entity Name     ; Library Name ;
+---------------------------------------+---------------------+---------------------------+-------------------+------------+------+--------------+----------------------------------------------------------------------------------------------------------+-----------------+--------------+
; |projeto_04                           ; 444 (55)            ; 40 (40)                   ; 0                 ; 0          ; 5    ; 0            ; |projeto_04                                                                                              ; projeto_04      ; work         ;
;    |lpm_divide:Mod0|                  ; 389 (0)             ; 0 (0)                     ; 0                 ; 0          ; 0    ; 0            ; |projeto_04|lpm_divide:Mod0                                                                              ; lpm_divide      ; work         ;
;       |lpm_divide_dho:auto_generated| ; 389 (0)             ; 0 (0)                     ; 0                 ; 0          ; 0    ; 0            ; |projeto_04|lpm_divide:Mod0|lpm_divide_dho:auto_generated                                                ; lpm_divide_dho  ; work         ;
;          |abs_divider_jbg:divider|    ; 389 (4)             ; 0 (0)                     ; 0                 ; 0          ; 0    ; 0            ; |projeto_04|lpm_divide:Mod0|lpm_divide_dho:auto_generated|abs_divider_jbg:divider                        ; abs_divider_jbg ; work         ;
;             |alt_u_div_mve:divider|   ; 353 (353)           ; 0 (0)                     ; 0                 ; 0          ; 0    ; 0            ; |projeto_04|lpm_divide:Mod0|lpm_divide_dho:auto_generated|abs_divider_jbg:divider|alt_u_div_mve:divider  ; alt_u_div_mve   ; work         ;
;             |lpm_abs_4p9:my_abs_num|  ; 32 (32)             ; 0 (0)                     ; 0                 ; 0          ; 0    ; 0            ; |projeto_04|lpm_divide:Mod0|lpm_divide_dho:auto_generated|abs_divider_jbg:divider|lpm_abs_4p9:my_abs_num ; lpm_abs_4p9     ; work         ;
+---------------------------------------+---------------------+---------------------------+-------------------+------------+------+--------------+----------------------------------------------------------------------------------------------------------+-----------------+--------------+
Note: For table entries with two numbers listed, the numbers in parentheses indicate the number of resources of the given type used by the specific entity alone. The numbers listed outside of parentheses indicate the total resources of the given type used by the specific entity and all of its sub-entities in the hierarchy.


Encoding Type:  One-Hot
+---------------------------------------------------------------------------------------------------------------------------------------------------------------------------------------+
; State Machine - |projeto_04|estado_anterior                                                                                                                                           ;
+----------------------+----------------------+----------------------+----------------------+----------------------+----------------------+----------------------+----------------------+
; Name                 ; estado_anterior.S110 ; estado_anterior.S101 ; estado_anterior.S100 ; estado_anterior.S011 ; estado_anterior.S010 ; estado_anterior.S001 ; estado_anterior.S000 ;
+----------------------+----------------------+----------------------+----------------------+----------------------+----------------------+----------------------+----------------------+
; estado_anterior.S000 ; 0                    ; 0                    ; 0                    ; 0                    ; 0                    ; 0                    ; 0                    ;
; estado_anterior.S001 ; 0                    ; 0                    ; 0                    ; 0                    ; 0                    ; 1                    ; 1                    ;
; estado_anterior.S010 ; 0                    ; 0                    ; 0                    ; 0                    ; 1                    ; 0                    ; 1                    ;
; estado_anterior.S011 ; 0                    ; 0                    ; 0                    ; 1                    ; 0                    ; 0                    ; 1                    ;
; estado_anterior.S100 ; 0                    ; 0                    ; 1                    ; 0                    ; 0                    ; 0                    ; 1                    ;
; estado_anterior.S101 ; 0                    ; 1                    ; 0                    ; 0                    ; 0                    ; 0                    ; 1                    ;
; estado_anterior.S110 ; 1                    ; 0                    ; 0                    ; 0                    ; 0                    ; 0                    ; 1                    ;
+----------------------+----------------------+----------------------+----------------------+----------------------+----------------------+----------------------+----------------------+


Encoding Type:  One-Hot
+---------------------------------------------------------------------------------------------------------------------------------------------------------------+
; State Machine - |projeto_04|estado_atual                                                                                                                      ;
+-------------------+-------------------+-------------------+-------------------+-------------------+-------------------+-------------------+-------------------+
; Name              ; estado_atual.S110 ; estado_atual.S101 ; estado_atual.S100 ; estado_atual.S011 ; estado_atual.S010 ; estado_atual.S001 ; estado_atual.S000 ;
+-------------------+-------------------+-------------------+-------------------+-------------------+-------------------+-------------------+-------------------+
; estado_atual.S000 ; 0                 ; 0                 ; 0                 ; 0                 ; 0                 ; 0                 ; 0                 ;
; estado_atual.S001 ; 0                 ; 0                 ; 0                 ; 0                 ; 0                 ; 1                 ; 1                 ;
; estado_atual.S010 ; 0                 ; 0                 ; 0                 ; 0                 ; 1                 ; 0                 ; 1                 ;
; estado_atual.S011 ; 0                 ; 0                 ; 0                 ; 1                 ; 0                 ; 0                 ; 1                 ;
; estado_atual.S100 ; 0                 ; 0                 ; 1                 ; 0                 ; 0                 ; 0                 ; 1                 ;
; estado_atual.S101 ; 0                 ; 1                 ; 0                 ; 0                 ; 0                 ; 0                 ; 1                 ;
; estado_atual.S110 ; 1                 ; 0                 ; 0                 ; 0                 ; 0                 ; 0                 ; 1                 ;
+-------------------+-------------------+-------------------+-------------------+-------------------+-------------------+-------------------+-------------------+


+-------------------------------------------------------------+
; Registers Removed During Synthesis                          ;
+----------------------------------------+--------------------+
; Register name                          ; Reason for Removal ;
+----------------------------------------+--------------------+
; estado_anterior~11                     ; Lost fanout        ;
; estado_anterior~12                     ; Lost fanout        ;
; estado_anterior~13                     ; Lost fanout        ;
; estado_atual~4                         ; Lost fanout        ;
; estado_atual~5                         ; Lost fanout        ;
; estado_atual~6                         ; Lost fanout        ;
; estado_anterior.S000                   ; Lost fanout        ;
; estado_anterior.S001                   ; Lost fanout        ;
; estado_anterior.S010                   ; Lost fanout        ;
; estado_anterior.S011                   ; Lost fanout        ;
; estado_anterior.S100                   ; Lost fanout        ;
; estado_anterior.S101                   ; Lost fanout        ;
; Total Number of Removed Registers = 12 ;                    ;
+----------------------------------------+--------------------+


+----------------------------------------------------------------------------------+
; Removed Registers Triggering Further Register Optimizations                      ;
+--------------------+--------------------+----------------------------------------+
; Register name      ; Reason for Removal ; Registers Removed due to This Register ;
+--------------------+--------------------+----------------------------------------+
; estado_anterior~11 ; Lost Fanouts       ; estado_anterior.S101                   ;
+--------------------+--------------------+----------------------------------------+


+------------------------------------------------------+
; General Register Statistics                          ;
+----------------------------------------------+-------+
; Statistic                                    ; Value ;
+----------------------------------------------+-------+
; Total registers                              ; 40    ;
; Number of registers using Synchronous Clear  ; 0     ;
; Number of registers using Synchronous Load   ; 0     ;
; Number of registers using Asynchronous Clear ; 40    ;
; Number of registers using Asynchronous Load  ; 0     ;
; Number of registers using Clock Enable       ; 0     ;
; Number of registers using Preset             ; 0     ;
+----------------------------------------------+-------+


+------------------------------------------------------------------------------------------------------------------------------------------+
; Multiplexer Restructuring Statistics (Restructuring Performed)                                                                           ;
+--------------------+-----------+---------------+----------------------+------------------------+------------+----------------------------+
; Multiplexer Inputs ; Bus Width ; Baseline Area ; Area if Restructured ; Saving if Restructured ; Registered ; Example Multiplexer Output ;
+--------------------+-----------+---------------+----------------------+------------------------+------------+----------------------------+
; 3:1                ; 2 bits    ; 4 LEs         ; 4 LEs                ; 0 LEs                  ; No         ; |projeto_04|aberta         ;
+--------------------+-----------+---------------+----------------------+------------------------+------------+----------------------------+


+----------------------------------------------------------------------------+
; Parameter Settings for User Entity Instance: Top-level Entity: |projeto_04 ;
+----------------+-------+---------------------------------------------------+
; Parameter Name ; Value ; Type                                              ;
+----------------+-------+---------------------------------------------------+
; S000           ; 000   ; Unsigned Binary                                   ;
; S001           ; 001   ; Unsigned Binary                                   ;
; S010           ; 010   ; Unsigned Binary                                   ;
; S101           ; 101   ; Unsigned Binary                                   ;
; S011           ; 011   ; Unsigned Binary                                   ;
; S110           ; 110   ; Unsigned Binary                                   ;
; S100           ; 100   ; Unsigned Binary                                   ;
+----------------+-------+---------------------------------------------------+
Note: In order to hide this table in the UI and the text report file, please set the "Show Parameter Settings in Synthesis Report" option in "Analysis and Synthesis Settings -> More Settings" to "Off".


+------------------------------------------------------------------+
; Parameter Settings for Inferred Entity Instance: lpm_divide:Mod0 ;
+------------------------+----------------+------------------------+
; Parameter Name         ; Value          ; Type                   ;
+------------------------+----------------+------------------------+
; LPM_WIDTHN             ; 32             ; Untyped                ;
; LPM_WIDTHD             ; 4              ; Untyped                ;
; LPM_NREPRESENTATION    ; SIGNED         ; Untyped                ;
; LPM_DREPRESENTATION    ; SIGNED         ; Untyped                ;
; LPM_PIPELINE           ; 0              ; Untyped                ;
; LPM_REMAINDERPOSITIVE  ; FALSE          ; Untyped                ;
; MAXIMIZE_SPEED         ; 5              ; Untyped                ;
; CBXI_PARAMETER         ; lpm_divide_dho ; Untyped                ;
; CARRY_CHAIN            ; MANUAL         ; Untyped                ;
; OPTIMIZE_FOR_SPEED     ; 5              ; Untyped                ;
; AUTO_CARRY_CHAINS      ; ON             ; AUTO_CARRY             ;
; IGNORE_CARRY_BUFFERS   ; OFF            ; IGNORE_CARRY           ;
; AUTO_CASCADE_CHAINS    ; ON             ; AUTO_CASCADE           ;
; IGNORE_CASCADE_BUFFERS ; OFF            ; IGNORE_CASCADE         ;
+------------------------+----------------+------------------------+
Note: In order to hide this table in the UI and the text report file, please set the "Show Parameter Settings in Synthesis Report" option in "Analysis and Synthesis Settings -> More Settings" to "Off".


+-----------------------------------------------------+
; Post-Synthesis Netlist Statistics for Top Partition ;
+-----------------------+-----------------------------+
; Type                  ; Count                       ;
+-----------------------+-----------------------------+
; arriav_ff             ; 40                          ;
;     CLR               ; 40                          ;
; arriav_lcell_comb     ; 444                         ;
;     arith             ; 269                         ;
;         0 data inputs ; 59                          ;
;         1 data inputs ; 59                          ;
;         2 data inputs ; 33                          ;
;         3 data inputs ; 60                          ;
;         4 data inputs ; 58                          ;
;     normal            ; 171                         ;
;         1 data inputs ; 1                           ;
;         2 data inputs ; 122                         ;
;         3 data inputs ; 3                           ;
;         4 data inputs ; 31                          ;
;         5 data inputs ; 10                          ;
;         6 data inputs ; 4                           ;
;     shared            ; 4                           ;
;         0 data inputs ; 1                           ;
;         1 data inputs ; 3                           ;
; boundary_port         ; 5                           ;
;                       ;                             ;
; Max LUT depth         ; 49.60                       ;
; Average LUT depth     ; 38.95                       ;
+-----------------------+-----------------------------+


+-------------------------------+
; Elapsed Time Per Partition    ;
+----------------+--------------+
; Partition Name ; Elapsed Time ;
+----------------+--------------+
; Top            ; 00:00:00     ;
+----------------+--------------+


+-------------------------------+
; Analysis & Synthesis Messages ;
+-------------------------------+
Info: *******************************************************************
Info: Running Quartus Prime Analysis & Synthesis
    Info: Version 20.1.0 Build 711 06/05/2020 SJ Lite Edition
    Info: Processing started: Mon May 16 10:35:34 2022
Info: Command: quartus_map --read_settings_files=on --write_settings_files=off projeto_04 -c projeto_04
Warning (18236): Number of processors has not been specified which may cause overloading on shared machines.  Set the global assignment NUM_PARALLEL_PROCESSORS in your QSF to an appropriate value for best performance.
Info (20030): Parallel compilation is enabled and will use 4 of the 4 processors detected
Info (12021): Found 1 design units, including 1 entities, in source file projeto_04.sv
    Info (12023): Found entity 1: projeto_04 File: C:/Quartus/Projetos Quartus/Segunda Avaliacao/projeto_04/projeto_04.sv Line: 1
Info (12127): Elaborating entity "projeto_04" for the top level hierarchy
Info (278001): Inferred 1 megafunctions from design logic
    Info (278004): Inferred divider/modulo megafunction ("lpm_divide") from the following logic: "Mod0" File: C:/Quartus/Projetos Quartus/Segunda Avaliacao/projeto_04/projeto_04.sv Line: 10
Info (12130): Elaborated megafunction instantiation "lpm_divide:Mod0" File: C:/Quartus/Projetos Quartus/Segunda Avaliacao/projeto_04/projeto_04.sv Line: 10
Info (12133): Instantiated megafunction "lpm_divide:Mod0" with the following parameter: File: C:/Quartus/Projetos Quartus/Segunda Avaliacao/projeto_04/projeto_04.sv Line: 10
    Info (12134): Parameter "LPM_WIDTHN" = "32"
    Info (12134): Parameter "LPM_WIDTHD" = "4"
    Info (12134): Parameter "LPM_NREPRESENTATION" = "SIGNED"
    Info (12134): Parameter "LPM_DREPRESENTATION" = "SIGNED"
    Info (12134): Parameter "LPM_HINT" = "LPM_REMAINDERPOSITIVE=FALSE"
Info (12021): Found 1 design units, including 1 entities, in source file db/lpm_divide_dho.tdf
    Info (12023): Found entity 1: lpm_divide_dho File: C:/Quartus/Projetos Quartus/Segunda Avaliacao/projeto_04/db/lpm_divide_dho.tdf Line: 25
Info (12021): Found 1 design units, including 1 entities, in source file db/abs_divider_jbg.tdf
    Info (12023): Found entity 1: abs_divider_jbg File: C:/Quartus/Projetos Quartus/Segunda Avaliacao/projeto_04/db/abs_divider_jbg.tdf Line: 29
Info (12021): Found 1 design units, including 1 entities, in source file db/alt_u_div_mve.tdf
    Info (12023): Found entity 1: alt_u_div_mve File: C:/Quartus/Projetos Quartus/Segunda Avaliacao/projeto_04/db/alt_u_div_mve.tdf Line: 23
Info (12021): Found 1 design units, including 1 entities, in source file db/lpm_abs_jn9.tdf
    Info (12023): Found entity 1: lpm_abs_jn9 File: C:/Quartus/Projetos Quartus/Segunda Avaliacao/projeto_04/db/lpm_abs_jn9.tdf Line: 23
Info (12021): Found 1 design units, including 1 entities, in source file db/lpm_abs_4p9.tdf
    Info (12023): Found entity 1: lpm_abs_4p9 File: C:/Quartus/Projetos Quartus/Segunda Avaliacao/projeto_04/db/lpm_abs_4p9.tdf Line: 23
Info (286030): Timing-Driven Synthesis is running
Info (17049): 12 registers lost all their fanouts during netlist optimizations.
Info (144001): Generated suppressed messages file C:/Quartus/Projetos Quartus/Segunda Avaliacao/projeto_04/output_files/projeto_04.map.smsg
Info (16010): Generating hard_block partition "hard_block:auto_generated_inst"
    Info (16011): Adding 0 node(s), including 0 DDIO, 0 PLL, 0 transceiver and 0 LCELL
Info (21057): Implemented 449 device resources after synthesis - the final resource count might be different
    Info (21058): Implemented 3 input pins
    Info (21059): Implemented 2 output pins
    Info (21061): Implemented 444 logic cells
Info: Quartus Prime Analysis & Synthesis was successful. 0 errors, 1 warning
    Info: Peak virtual memory: 4831 megabytes
    Info: Processing ended: Mon May 16 10:35:58 2022
    Info: Elapsed time: 00:00:24
    Info: Total CPU time (on all processors): 00:00:54


+------------------------------------------+
; Analysis & Synthesis Suppressed Messages ;
+------------------------------------------+
The suppressed messages can be found in C:/Quartus/Projetos Quartus/Segunda Avaliacao/projeto_04/output_files/projeto_04.map.smsg.


